2021-10-30 11:58:35.846 [main] DEBUG c.s.d.l.tools.io.TrustManagerBuilder     : Certificate list /certificates/extended.txt not present in classpath.
2021-10-30 11:58:36.928 [main] INFO  discord4j.core.DiscordClientBuilder      : Discord4J 3.2.0 (https://discord4j.com)
2021-10-30 11:58:37.063 [main] DEBUG discord4j.rest.request.RequestStream     : [B:a39dc574, R:5241cf67] GET /gateway/bot
2021-10-30 11:58:37.995 [reactor-http-nio-2] DEBUG discord4j.rest.request.RequestStream     : [B:a39dc574, R:5241cf67] Read 200 OK in PT0.9156351S
2021-10-30 11:58:38.095 [reactor-http-nio-2] DEBUG discord4j.rest.request.RequestStream     : [B:a39dc574] Ready to consume next request after onComplete
2021-10-30 11:58:38.362 [boundedElastic-1] DEBUG discord4j.rest.request.RequestStream     : [B:a39dc574, R:46473623] GET /gateway/bot
2021-10-30 11:58:38.440 [reactor-http-nio-2] DEBUG discord4j.rest.request.RequestStream     : [B:a39dc574, R:46473623] Read 200 OK in PT0.0760613S
2021-10-30 11:58:38.441 [reactor-http-nio-2] DEBUG discord4j.rest.request.RequestStream     : [B:a39dc574, R:46473623] Delaying next request by PT4.54S
2021-10-30 11:58:38.493 [boundedElastic-1] DEBUG discord4j.core.shard.GatewayBootstrap    : [G:73156538, S:0] Acquiring gateway endpoint
2021-10-30 11:58:38.494 [boundedElastic-1] DEBUG discord4j.rest.request.RequestStream     : [B:db1ee72c, R:27e35707, G:73156538, S:0] GET /gateway
2021-10-30 11:58:38.528 [reactor-http-nio-2] DEBUG discord4j.rest.request.RequestStream     : [B:db1ee72c, R:27e35707, G:73156538, S:0] Read 200 OK in PT0.0320697S
2021-10-30 11:58:38.528 [reactor-http-nio-2] DEBUG discord4j.rest.request.RequestStream     : [B:db1ee72c] Ready to consume next request after onComplete
2021-10-30 11:58:38.844 [d4j-parallel-1-1] DEBUG discord4j.gateway.DefaultGatewayClient   : [G:73156538, S:0] Sending heartbeat PT0S after last ACK
2021-10-30 11:58:38.849 [reactor-http-nio-3] DEBUG discord4j.gateway.DefaultGatewayClient   : [G:73156538, S:0] Identifying to Gateway
2021-10-30 11:58:38.935 [reactor-http-nio-3] DEBUG discord4j.gateway.DefaultGatewayClient   : [G:73156538, S:0] Heartbeat acknowledged after PT0.0902671S
2021-10-30 11:58:39.173 [reactor-http-nio-3] INFO  discord4j.gateway.DefaultGatewayClient   : [G:73156538, S:0] Connected to Gateway
2021-10-30 11:58:39.175 [reactor-http-nio-3] INFO  d.core.shard.LocalShardCoordinator       : [G:73156538, S:0] Shard connected
2021-10-30 11:58:39.180 [main] DEBUG d.core.event.DefaultEventDispatcher      : Subscription a77614d to MessageCreateEvent created
2021-10-30 11:58:42.993 [d4j-parallel-1-3] DEBUG discord4j.rest.request.RequestStream     : [B:a39dc574] Ready to consume next request after onComplete
2021-10-30 11:58:54.338 [d4j-events-1] DEBUG discord4j.rest.request.RequestStream     : [B:dc7acddd, R:48b0c0af] POST /channels/891395544663064606/messages
2021-10-30 11:58:54.530 [reactor-http-nio-2] DEBUG discord4j.rest.request.RequestStream     : [B:dc7acddd, R:48b0c0af] Read 200 OK in PT0.1919804S
2021-10-30 11:58:54.536 [reactor-http-nio-2] DEBUG discord4j.rest.request.RequestStream     : [B:dc7acddd] Ready to consume next request after onComplete
2021-10-30 11:59:05.905 [d4j-events-1] DEBUG d.voice.LocalVoiceConnectionRegistry     : No connection in registry to guild 891043572395180094
2021-10-30 11:59:05.941 [d4j-events-1] DEBUG d.core.event.DefaultEventDispatcher      : Subscription 3218be1b to VoiceStateUpdateEvent created
2021-10-30 11:59:05.942 [d4j-events-1] DEBUG d.core.event.DefaultEventDispatcher      : Subscription 35f26b00 to VoiceServerUpdateEvent created
2021-10-30 11:59:05.989 [d4j-events-2] DEBUG d.core.event.DefaultEventDispatcher      : Subscription 3218be1b to VoiceStateUpdateEvent disposed due to cancel
2021-10-30 11:59:06.033 [d4j-events-2] DEBUG d.core.event.DefaultEventDispatcher      : Subscription 35f26b00 to VoiceServerUpdateEvent disposed due to cancel
2021-10-30 11:59:06.315 [reactor-http-nio-4] INFO  d.voice.DefaultVoiceGatewayClient        : [G:73156538, S:0, guildId:891043572395180094] Identifying
2021-10-30 11:59:06.350 [reactor-http-nio-4] INFO  d.voice.DefaultVoiceGatewayClient        : [G:73156538, S:0, guildId:891043572395180094] Waiting for session description
2021-10-30 11:59:06.364 [udp-nio-2] DEBUG discord4j.voice.VoiceSocket              : [G:73156538, S:0, guildId:891043572395180094] [connected] SimpleConnection{channel=[id: 0xdc6b9cc8, L:/192.168.0.19:61734 - R:/109.200.209.96:50005]}
2021-10-30 11:59:06.365 [udp-nio-2] DEBUG discord4j.voice.VoiceSocket              : [G:73156538, S:0, guildId:891043572395180094] Connected to /109.200.209.96:50005
2021-10-30 11:59:06.372 [udp-nio-2] DEBUG discord4j.voice.VoiceSocket              : [G:73156538, S:0, guildId:891043572395180094] [configured] ChannelOperations{SimpleConnection{channel=[id: 0xdc6b9cc8, L:/192.168.0.19:61734 - R:/109.200.209.96:50005]}}
2021-10-30 11:59:06.400 [udp-nio-2] DEBUG d.voice.DefaultVoiceGatewayClient        : [G:73156538, S:0, guildId:891043572395180094] Voice socket setup complete
2021-10-30 11:59:06.424 [reactor-http-nio-4] INFO  d.voice.DefaultVoiceGatewayClient        : [G:73156538, S:0, guildId:891043572395180094] Receiving events
2021-10-30 11:59:06.431 [reactor-http-nio-4] DEBUG d.core.event.DefaultEventDispatcher      : Subscription 4a739bbc to VoiceServerUpdateEvent created
2021-10-30 11:59:06.437 [reactor-http-nio-4] DEBUG d.c.s.legacy.LegacyVoiceChannelJoinSpec  : Voice connection handshake to guild 891043572395180094 done after onComplete
2021-10-30 11:59:06.437 [reactor-http-nio-4] DEBUG d.voice.LocalVoiceConnectionRegistry     : Connection registry to guild 891043572395180094 done after onComplete
2021-10-30 11:59:20.101 [d4j-parallel-1-1] DEBUG discord4j.gateway.DefaultGatewayClient   : [G:73156538, S:0] Sending heartbeat PT41.1663339S after last ACK
2021-10-30 11:59:20.159 [reactor-http-nio-3] DEBUG discord4j.gateway.DefaultGatewayClient   : [G:73156538, S:0] Heartbeat acknowledged after PT0.057432S
